<?xml version="1.0" encoding="UTF-8"?>
<!-- Generated by org.testng.reporters.JUnitReportReporter -->
<testsuite hostname="LAPTOP-C09100BS" failures="0" tests="6" name="com.Annotations.Annotation_1" time="0.011" errors="0" timestamp="2022-07-19T12:25:28 IST" skipped="0">
  <testcase classname="com.Annotations.Annotation_1" name="Annotation_1test1" time="0.001"/>
  <system-out/>
  <testcase classname="com.Annotations.Annotation_1" name="Annotation_1test2" time="0.001"/>
  <system-out/>
  <testcase classname="com.Annotations.Annotation_1" name="Annotation_1test2" time="0.002"/>
  <system-out/>
  <testcase classname="com.Annotations.Annotation_1" name="Annotation_1test1" time="0.003"/>
  <system-out/>
  <testcase classname="com.Annotations.Annotation_1" name="Annotation_1test2" time="0.002"/>
  <system-out/>
  <testcase classname="com.Annotations.Annotation_1" name="Annotation_1test1" time="0.002"/>
  <system-out/>
</testsuite> <!-- com.Annotations.Annotation_1 -->
