<?xml version="1.0" encoding="UTF-8"?>
<!-- Generated by org.testng.reporters.JUnitReportReporter -->
<testsuite hostname="LAPTOP-C09100BS" failures="0" tests="1" name="com.Sai.TestCases.SaiConTC" time="19.454" errors="0" timestamp="2022-07-25T10:04:11 IST" skipped="0">
  <testcase classname="com.Sai.TestCases.SaiConTC" name="saiConTC" time="19.454"/>
  <system-out/>
</testsuite> <!-- com.Sai.TestCases.SaiConTC -->
