<?xml version="1.0" encoding="UTF-8"?>
<!-- Generated by org.testng.reporters.JUnitReportReporter -->
<testsuite hostname="LAPTOP-C09100BS" failures="0" tests="1" name="com.Sai.TestCases.SaiOrgTc" time="21.462" errors="0" timestamp="2022-07-21T22:56:32 IST" skipped="0">
  <testcase classname="com.Sai.TestCases.SaiOrgTc" name="createOrgTest" time="21.462"/>
  <system-out/>
</testsuite> <!-- com.Sai.TestCases.SaiOrgTc -->
