<?xml version="1.0" encoding="UTF-8"?>
<!-- Generated by org.testng.reporters.JUnitReportReporter -->
<testsuite hostname="LAPTOP-C09100BS" failures="0" tests="2" name="com.groups.parameters.Group_Smoke_Regression2" time="0.018" errors="0" timestamp="2022-07-19T13:44:25 IST" skipped="0">
  <testcase classname="com.groups.parameters.Group_Smoke_Regression2" name="regressionTest2" time="0.016"/>
  <system-out/>
  <testcase classname="com.groups.parameters.Group_Smoke_Regression2" name="smokeTest2" time="0.002"/>
  <system-out/>
</testsuite> <!-- com.groups.parameters.Group_Smoke_Regression2 -->
