<?xml version="1.0" encoding="UTF-8"?>
<!-- Generated by org.testng.reporters.JUnitReportReporter -->
<testsuite hostname="LAPTOP-C09100BS" failures="0" tests="9" name="flags_in_testNG.Flags_testNG" time="0.036" errors="0" timestamp="2022-07-19T12:08:50 IST" skipped="1">
  <testcase classname="flags_in_testNG.Flags_testNG" name="customerSupport2" time="0.003"/>
  <system-out/>
  <testcase classname="flags_in_testNG.Flags_testNG" name="bySimCard1" time="0.020"/>
  <system-out/>
  <testcase classname="flags_in_testNG.Flags_testNG" name="customerSupport2" time="0.002"/>
  <system-out/>
  <testcase classname="flags_in_testNG.Flags_testNG" name="customerSupport2" time="0.001"/>
  <system-out/>
  <testcase classname="flags_in_testNG.Flags_testNG" name="activateSimCard1" time="0.002"/>
  <system-out/>
  <testcase classname="flags_in_testNG.Flags_testNG" name="bySimCard" time="0.002"/>
  <system-out/>
  <testcase classname="flags_in_testNG.Flags_testNG" name="activateSimCard" time="0.003"/>
  <system-out/>
  <testcase classname="flags_in_testNG.Flags_testNG" name="customerSupport" time="0.003"/>
  <system-out/>
  <testcase classname="flags_in_testNG.Flags_testNG" name="customerSupport1">
    <skipped/>
  </testcase> <!-- customerSupport1 -->
  <system-out/>
</testsuite> <!-- flags_in_testNG.Flags_testNG -->
