<?xml version="1.0" encoding="UTF-8"?>
<!-- Generated by org.testng.reporters.JUnitReportReporter -->
<testsuite hostname="LAPTOP-C09100BS" failures="0" tests="1" name="com.Annotations.Annotations" time="0.013" errors="0" timestamp="2022-07-19T12:10:01 IST" skipped="0">
  <testcase classname="com.Annotations.Annotations" name="Test" time="0.013"/>
  <system-out/>
</testsuite> <!-- com.Annotations.Annotations -->
