<?xml version="1.0" encoding="UTF-8"?>
<!-- Generated by org.testng.reporters.JUnitReportReporter -->
<testsuite hostname="LAPTOP-C09100BS" failures="0" tests="5" name="com.testng.DataProvider_Sai" time="0.014" errors="0" timestamp="2022-07-14T23:12:05 IST" skipped="0">
  <testcase classname="com.testng.DataProvider_Sai" name="testmmt" time="0.001"/>
  <system-out/>
  <testcase classname="com.testng.DataProvider_Sai" name="testmmt" time="0.008"/>
  <system-out/>
  <testcase classname="com.testng.DataProvider_Sai" name="testmmt" time="0.002"/>
  <system-out/>
  <testcase classname="com.testng.DataProvider_Sai" name="testmmt" time="0.002"/>
  <system-out/>
  <testcase classname="com.testng.DataProvider_Sai" name="testmmt" time="0.001"/>
  <system-out/>
</testsuite> <!-- com.testng.DataProvider_Sai -->
