<?xml version="1.0" encoding="UTF-8"?>
<!-- Generated by org.testng.reporters.JUnitReportReporter -->
<testsuite hostname="LAPTOP-C09100BS" failures="0" tests="1" name="JDBCPractice.ExecuteUpdateTest" time="0.293" errors="0" timestamp="2022-06-27T18:28:57 IST" skipped="0">
  <testcase classname="JDBCPractice.ExecuteUpdateTest" name="executeUpdateTest" time="0.293"/>
  <system-out/>
</testsuite> <!-- JDBCPractice.ExecuteUpdateTest -->
