<?xml version="1.0" encoding="UTF-8"?>
<!-- Generated by org.testng.reporters.JUnitReportReporter -->
<testsuite hostname="LAPTOP-C09100BS" failures="0" tests="1" name="com.Sai.TestCases.SaiCampHeaderVerTC" time="22.946" errors="0" timestamp="2022-07-25T10:03:19 IST" skipped="0">
  <testcase classname="com.Sai.TestCases.SaiCampHeaderVerTC" name="saiCampHeaderVerTc" time="22.946"/>
  <system-out/>
</testsuite> <!-- com.Sai.TestCases.SaiCampHeaderVerTC -->
