<?xml version="1.0" encoding="UTF-8"?>
<!-- Generated by org.testng.reporters.JUnitReportReporter -->
<testsuite hostname="LAPTOP-C09100BS" failures="0" tests="1" name="com.Sai.TestCases.SaiConTest" time="30.867" errors="0" timestamp="2022-07-25T11:08:21 IST" skipped="0">
  <testcase classname="com.Sai.TestCases.SaiConTest" name="saiConTest" time="30.867"/>
  <system-out/>
</testsuite> <!-- com.Sai.TestCases.SaiConTest -->
