<?xml version="1.0" encoding="UTF-8"?>
<!-- Generated by org.testng.reporters.JUnitReportReporter -->
<testsuite hostname="LAPTOP-C09100BS" failures="0" tests="1" name="JDBCPractice.ExecuteQueryTest" time="0.221" errors="0" timestamp="2022-06-27T13:45:17 IST" skipped="0">
  <testcase classname="JDBCPractice.ExecuteQueryTest" name="executequerytest" time="0.221"/>
  <system-out/>
</testsuite> <!-- JDBCPractice.ExecuteQueryTest -->
