<?xml version="1.0" encoding="UTF-8"?>
<!-- Generated by org.testng.reporters.JUnitReportReporter -->
<testsuite hostname="LAPTOP-C09100BS" failures="0" tests="1" name="parameter.para1" time="0.001" errors="0" timestamp="2022-07-19T15:35:15 IST" skipped="0">
  <testcase classname="parameter.para1" name="para2" time="0.001"/>
  <system-out/>
</testsuite> <!-- parameter.para1 -->
