<?xml version="1.0" encoding="UTF-8"?>
<!-- Generated by org.testng.reporters.JUnitReportReporter -->
<testsuite hostname="LAPTOP-C09100BS" failures="0" tests="1" name="parameter.para" time="0.005" errors="0" timestamp="2022-07-19T15:35:15 IST" skipped="0">
  <testcase classname="parameter.para" name="para1" time="0.005"/>
  <system-out/>
</testsuite> <!-- parameter.para -->
