<?xml version="1.0" encoding="UTF-8"?>
<!-- Generated by org.testng.reporters.JUnitReportReporter -->
<testsuite hostname="LAPTOP-C09100BS" failures="0" tests="1" name="com.Sai.TestCases.SaiCamDelTC" time="25.396" errors="0" timestamp="2022-07-23T12:15:14 IST" skipped="0">
  <testcase classname="com.Sai.TestCases.SaiCamDelTC" name="saiConDelTc" time="25.396"/>
  <system-out/>
</testsuite> <!-- com.Sai.TestCases.SaiCamDelTC -->
