<?xml version="1.0" encoding="UTF-8"?>
<!-- Generated by org.testng.reporters.JUnitReportReporter -->
<testsuite hostname="LAPTOP-C09100BS" failures="0" tests="1" name="com.Sai.TestCases.SaiOrgHeaderVerTC" time="14.839" errors="0" timestamp="2022-07-23T16:00:55 IST" skipped="0">
  <testcase classname="com.Sai.TestCases.SaiOrgHeaderVerTC" name="saiOrgHeaderVerTc" time="14.839"/>
  <system-out/>
</testsuite> <!-- com.Sai.TestCases.SaiOrgHeaderVerTC -->
